2022-08-03 18:36:33,787 [trainer.py] => config: ./exps/imagenet100/icarl.json
2022-08-03 18:36:33,787 [trainer.py] => prefix: reproduce
2022-08-03 18:36:33,787 [trainer.py] => dataset: imagenet100
2022-08-03 18:36:33,787 [trainer.py] => memory_size: 2000
2022-08-03 18:36:33,788 [trainer.py] => memory_per_class: 20
2022-08-03 18:36:33,788 [trainer.py] => fixed_memory: False
2022-08-03 18:36:33,788 [trainer.py] => shuffle: True
2022-08-03 18:36:33,788 [trainer.py] => init_cls: 10
2022-08-03 18:36:33,788 [trainer.py] => increment: 10
2022-08-03 18:36:33,788 [trainer.py] => model_name: icarl
2022-08-03 18:36:33,788 [trainer.py] => convnet_type: resnet18
2022-08-03 18:36:33,788 [trainer.py] => device: [device(type='cuda', index=0), device(type='cuda', index=1)]
2022-08-03 18:36:33,788 [trainer.py] => seed: 1993
2022-08-03 18:36:33,788 [trainer.py] => ssl_train: False
2022-08-03 18:36:33,788 [trainer.py] => extra_log_name: head
2022-08-03 18:36:35,615 [data_manager.py] => [68, 56, 78, 8, 23, 84, 90, 65, 74, 76, 40, 89, 3, 92, 55, 9, 26, 80, 43, 38, 58, 70, 77, 1, 85, 19, 17, 50, 28, 53, 13, 81, 45, 82, 6, 59, 83, 16, 15, 44, 91, 41, 72, 60, 79, 52, 20, 10, 31, 54, 37, 95, 14, 71, 96, 98, 97, 2, 64, 66, 42, 22, 35, 86, 24, 34, 87, 21, 99, 0, 88, 27, 18, 94, 11, 12, 47, 25, 30, 46, 62, 69, 36, 61, 7, 63, 75, 5, 32, 4, 51, 48, 73, 93, 39, 67, 29, 49, 57, 33]
2022-08-03 18:36:36,503 [trainer.py] => All params: 11441216
2022-08-03 18:36:36,504 [trainer.py] => Trainable params: 11440704
2022-08-03 18:36:36,504 [icarl.py] => Learning on 0-10
2022-08-03 19:40:32,906 [icarl.py] => Task 0, Epoch 200/200 => Loss 0.138, Train_accy 95.72, Test_accy 88.20
2022-08-03 19:40:32,908 [base.py] => Reducing exemplars...(200 per classes)
2022-08-03 19:40:32,908 [base.py] => Constructing exemplars...(200 per classes)
2022-08-03 19:41:24,983 [icarl.py] => Exemplar size: 2000
2022-08-03 19:41:24,984 [trainer.py] => CNN: {'total': 88.2, '00-09': 88.2, 'old': 0, 'new': 88.2}
2022-08-03 19:41:24,984 [trainer.py] => NME: {'total': 87.4, '00-09': 87.4, 'old': 0, 'new': 87.4}
2022-08-03 19:41:24,984 [trainer.py] => CNN top1 curve: [88.2]
2022-08-03 19:41:24,984 [trainer.py] => CNN top5 curve: [98.4]
2022-08-03 19:41:24,984 [trainer.py] => NME top1 curve: [87.4]
2022-08-03 19:41:24,984 [trainer.py] => NME top5 curve: [98.6]

2022-08-03 19:41:24,984 [trainer.py] => All params: 11446346
2022-08-03 19:41:24,985 [trainer.py] => Trainable params: 11445834
2022-08-03 19:41:24,986 [icarl.py] => Learning on 10-20
2022-08-03 20:52:42,611 [icarl.py] => Task 1, Epoch 170/170 => Loss 1.651, Train_accy 96.49
2022-08-03 20:52:42,612 [base.py] => Reducing exemplars...(100 per classes)
2022-08-03 20:52:55,326 [base.py] => Constructing exemplars...(100 per classes)
2022-08-03 20:53:46,647 [icarl.py] => Exemplar size: 2000
2022-08-03 20:53:46,647 [trainer.py] => CNN: {'total': 81.3, '00-09': 71.4, '10-19': 91.2, 'old': 71.4, 'new': 91.2}
2022-08-03 20:53:46,647 [trainer.py] => NME: {'total': 82.8, '00-09': 76.8, '10-19': 88.8, 'old': 76.8, 'new': 88.8}
2022-08-03 20:53:46,647 [trainer.py] => CNN top1 curve: [88.2, 81.3]
2022-08-03 20:53:46,647 [trainer.py] => CNN top5 curve: [98.4, 96.7]
2022-08-03 20:53:46,647 [trainer.py] => NME top1 curve: [87.4, 82.8]
2022-08-03 20:53:46,647 [trainer.py] => NME top5 curve: [98.6, 97.3]

2022-08-03 20:53:46,648 [trainer.py] => All params: 11451476
2022-08-03 20:53:46,648 [trainer.py] => Trainable params: 11450964
2022-08-03 20:53:46,649 [icarl.py] => Learning on 20-30
2022-08-03 22:03:48,668 [icarl.py] => Task 2, Epoch 170/170 => Loss 2.015, Train_accy 96.51
2022-08-03 22:03:48,669 [base.py] => Reducing exemplars...(66 per classes)
2022-08-03 22:04:13,488 [base.py] => Constructing exemplars...(66 per classes)
2022-08-03 22:05:03,132 [icarl.py] => Exemplar size: 1980
2022-08-03 22:05:03,132 [trainer.py] => CNN: {'total': 73.8, '00-09': 55.4, '10-19': 76.0, '20-29': 90.0, 'old': 65.7, 'new': 90.0}
2022-08-03 22:05:03,133 [trainer.py] => NME: {'total': 78.47, '00-09': 66.6, '10-19': 83.0, '20-29': 85.8, 'old': 74.8, 'new': 85.8}
2022-08-03 22:05:03,133 [trainer.py] => CNN top1 curve: [88.2, 81.3, 73.8]
2022-08-03 22:05:03,133 [trainer.py] => CNN top5 curve: [98.4, 96.7, 93.67]
2022-08-03 22:05:03,133 [trainer.py] => NME top1 curve: [87.4, 82.8, 78.47]
2022-08-03 22:05:03,133 [trainer.py] => NME top5 curve: [98.6, 97.3, 94.4]

2022-08-03 22:05:03,133 [trainer.py] => All params: 11456606
2022-08-03 22:05:03,133 [trainer.py] => Trainable params: 11456094
2022-08-03 22:05:03,134 [icarl.py] => Learning on 30-40
2022-08-03 23:14:24,048 [icarl.py] => Task 3, Epoch 170/170 => Loss 2.158, Train_accy 96.19
2022-08-03 23:14:24,050 [base.py] => Reducing exemplars...(50 per classes)
2022-08-03 23:14:53,310 [base.py] => Constructing exemplars...(50 per classes)
2022-08-03 23:15:42,468 [icarl.py] => Exemplar size: 2000
2022-08-03 23:15:42,468 [trainer.py] => CNN: {'total': 63.4, '00-09': 43.0, '10-19': 61.0, '20-29': 60.0, '30-39': 89.6, 'old': 54.67, 'new': 89.6}
2022-08-03 23:15:42,469 [trainer.py] => NME: {'total': 71.8, '00-09': 57.4, '10-19': 75.0, '20-29': 70.6, '30-39': 84.2, 'old': 67.67, 'new': 84.2}
2022-08-03 23:15:42,469 [trainer.py] => CNN top1 curve: [88.2, 81.3, 73.8, 63.4]
2022-08-03 23:15:42,469 [trainer.py] => CNN top5 curve: [98.4, 96.7, 93.67, 88.3]
2022-08-03 23:15:42,469 [trainer.py] => NME top1 curve: [87.4, 82.8, 78.47, 71.8]
2022-08-03 23:15:42,469 [trainer.py] => NME top5 curve: [98.6, 97.3, 94.4, 91.1]

2022-08-03 23:15:42,469 [trainer.py] => All params: 11461736
2022-08-03 23:15:42,469 [trainer.py] => Trainable params: 11461224
2022-08-03 23:15:42,470 [icarl.py] => Learning on 40-50
2022-08-04 00:25:49,751 [icarl.py] => Task 4, Epoch 170/170 => Loss 2.342, Train_accy 97.47
2022-08-04 00:25:49,752 [base.py] => Reducing exemplars...(40 per classes)
2022-08-04 00:26:30,328 [base.py] => Constructing exemplars...(40 per classes)
2022-08-04 00:27:21,656 [icarl.py] => Exemplar size: 2000
2022-08-04 00:27:21,656 [trainer.py] => CNN: {'total': 59.52, '00-09': 39.4, '10-19': 52.6, '20-29': 45.2, '30-39': 67.0, '40-49': 93.4, 'old': 51.05, 'new': 93.4}
2022-08-04 00:27:21,656 [trainer.py] => NME: {'total': 67.8, '00-09': 50.4, '10-19': 66.8, '20-29': 57.8, '30-39': 75.6, '40-49': 88.4, 'old': 62.65, 'new': 88.4}
2022-08-04 00:27:21,656 [trainer.py] => CNN top1 curve: [88.2, 81.3, 73.8, 63.4, 59.52]
2022-08-04 00:27:21,656 [trainer.py] => CNN top5 curve: [98.4, 96.7, 93.67, 88.3, 83.48]
2022-08-04 00:27:21,656 [trainer.py] => NME top1 curve: [87.4, 82.8, 78.47, 71.8, 67.8]
2022-08-04 00:27:21,657 [trainer.py] => NME top5 curve: [98.6, 97.3, 94.4, 91.1, 87.92]

2022-08-04 00:27:21,657 [trainer.py] => All params: 11466866
2022-08-04 00:27:21,657 [trainer.py] => Trainable params: 11466354
2022-08-04 00:27:21,658 [icarl.py] => Learning on 50-60
2022-08-04 01:39:53,854 [icarl.py] => Task 5, Epoch 170/170 => Loss 2.328, Train_accy 97.59
2022-08-04 01:39:53,855 [base.py] => Reducing exemplars...(33 per classes)
2022-08-04 01:40:39,326 [base.py] => Constructing exemplars...(33 per classes)
2022-08-04 01:41:31,518 [icarl.py] => Exemplar size: 1980
2022-08-04 01:41:31,519 [trainer.py] => CNN: {'total': 56.33, '00-09': 35.4, '10-19': 44.6, '20-29': 44.0, '30-39': 56.0, '40-49': 63.8, '50-59': 94.2, 'old': 48.76, 'new': 94.2}
2022-08-04 01:41:31,519 [trainer.py] => NME: {'total': 64.17, '00-09': 44.0, '10-19': 58.8, '20-29': 54.8, '30-39': 63.6, '40-49': 74.2, '50-59': 89.6, 'old': 59.08, 'new': 89.6}
2022-08-04 01:41:31,519 [trainer.py] => CNN top1 curve: [88.2, 81.3, 73.8, 63.4, 59.52, 56.33]
2022-08-04 01:41:31,519 [trainer.py] => CNN top5 curve: [98.4, 96.7, 93.67, 88.3, 83.48, 79.63]
2022-08-04 01:41:31,519 [trainer.py] => NME top1 curve: [87.4, 82.8, 78.47, 71.8, 67.8, 64.17]
2022-08-04 01:41:31,519 [trainer.py] => NME top5 curve: [98.6, 97.3, 94.4, 91.1, 87.92, 85.0]

2022-08-04 01:41:31,519 [trainer.py] => All params: 11471996
2022-08-04 01:41:31,519 [trainer.py] => Trainable params: 11471484
2022-08-04 01:41:31,520 [icarl.py] => Learning on 60-70
2022-08-04 02:53:02,088 [icarl.py] => Task 6, Epoch 170/170 => Loss 2.487, Train_accy 97.09
2022-08-04 02:53:02,089 [base.py] => Reducing exemplars...(28 per classes)
2022-08-04 02:53:54,956 [base.py] => Constructing exemplars...(28 per classes)
2022-08-04 02:54:47,572 [icarl.py] => Exemplar size: 1960
2022-08-04 02:54:47,572 [trainer.py] => CNN: {'total': 52.83, '00-09': 29.8, '10-19': 40.2, '20-29': 34.6, '30-39': 48.8, '40-49': 46.4, '50-59': 76.8, '60-69': 93.2, 'old': 46.1, 'new': 93.2}
2022-08-04 02:54:47,572 [trainer.py] => NME: {'total': 61.74, '00-09': 39.6, '10-19': 51.0, '20-29': 47.4, '30-39': 58.2, '40-49': 65.0, '50-59': 83.8, '60-69': 87.2, 'old': 57.5, 'new': 87.2}
2022-08-04 02:54:47,572 [trainer.py] => CNN top1 curve: [88.2, 81.3, 73.8, 63.4, 59.52, 56.33, 52.83]
2022-08-04 02:54:47,572 [trainer.py] => CNN top5 curve: [98.4, 96.7, 93.67, 88.3, 83.48, 79.63, 75.91]
2022-08-04 02:54:47,573 [trainer.py] => NME top1 curve: [87.4, 82.8, 78.47, 71.8, 67.8, 64.17, 61.74]
2022-08-04 02:54:47,573 [trainer.py] => NME top5 curve: [98.6, 97.3, 94.4, 91.1, 87.92, 85.0, 82.8]

2022-08-04 02:54:47,573 [trainer.py] => All params: 11477126
2022-08-04 02:54:47,573 [trainer.py] => Trainable params: 11476614
2022-08-04 02:54:47,574 [icarl.py] => Learning on 70-80
2022-08-04 04:04:14,488 [icarl.py] => Task 7, Epoch 170/170 => Loss 2.436, Train_accy 97.36
2022-08-04 04:04:14,489 [base.py] => Reducing exemplars...(25 per classes)
2022-08-04 04:05:12,348 [base.py] => Constructing exemplars...(25 per classes)
2022-08-04 04:06:02,607 [icarl.py] => Exemplar size: 2000
2022-08-04 04:06:02,607 [trainer.py] => CNN: {'total': 48.22, '00-09': 29.0, '10-19': 33.8, '20-29': 27.4, '30-39': 40.2, '40-49': 37.0, '50-59': 62.8, '60-69': 60.0, '70-79': 95.6, 'old': 41.46, 'new': 95.6}
2022-08-04 04:06:02,607 [trainer.py] => NME: {'total': 58.62, '00-09': 39.0, '10-19': 47.0, '20-29': 38.0, '30-39': 52.6, '40-49': 53.8, '50-59': 74.4, '60-69': 76.6, '70-79': 87.6, 'old': 54.49, 'new': 87.6}
2022-08-04 04:06:02,607 [trainer.py] => CNN top1 curve: [88.2, 81.3, 73.8, 63.4, 59.52, 56.33, 52.83, 48.22]
2022-08-04 04:06:02,608 [trainer.py] => CNN top5 curve: [98.4, 96.7, 93.67, 88.3, 83.48, 79.63, 75.91, 71.97]
2022-08-04 04:06:02,608 [trainer.py] => NME top1 curve: [87.4, 82.8, 78.47, 71.8, 67.8, 64.17, 61.74, 58.62]
2022-08-04 04:06:02,608 [trainer.py] => NME top5 curve: [98.6, 97.3, 94.4, 91.1, 87.92, 85.0, 82.8, 80.78]

2022-08-04 04:06:02,608 [trainer.py] => All params: 11482256
2022-08-04 04:06:02,608 [trainer.py] => Trainable params: 11481744
2022-08-04 04:06:02,609 [icarl.py] => Learning on 80-90
2022-08-04 05:18:14,907 [icarl.py] => Task 8, Epoch 170/170 => Loss 2.665, Train_accy 97.37
2022-08-04 05:18:14,908 [base.py] => Reducing exemplars...(22 per classes)
2022-08-04 05:19:16,701 [base.py] => Constructing exemplars...(22 per classes)
2022-08-04 05:20:10,323 [icarl.py] => Exemplar size: 1980
2022-08-04 05:20:10,324 [trainer.py] => CNN: {'total': 46.96, '00-09': 25.4, '10-19': 32.6, '20-29': 26.6, '30-39': 38.4, '40-49': 35.6, '50-59': 56.8, '60-69': 50.0, '70-79': 63.0, '80-89': 94.2, 'old': 41.05, 'new': 94.2}
2022-08-04 05:20:10,324 [trainer.py] => NME: {'total': 56.42, '00-09': 35.8, '10-19': 43.2, '20-29': 37.8, '30-39': 48.8, '40-49': 50.6, '50-59': 69.6, '60-69': 64.4, '70-79': 70.6, '80-89': 87.0, 'old': 52.6, 'new': 87.0}
2022-08-04 05:20:10,324 [trainer.py] => CNN top1 curve: [88.2, 81.3, 73.8, 63.4, 59.52, 56.33, 52.83, 48.22, 46.96]
2022-08-04 05:20:10,324 [trainer.py] => CNN top5 curve: [98.4, 96.7, 93.67, 88.3, 83.48, 79.63, 75.91, 71.97, 71.07]
2022-08-04 05:20:10,324 [trainer.py] => NME top1 curve: [87.4, 82.8, 78.47, 71.8, 67.8, 64.17, 61.74, 58.62, 56.42]
2022-08-04 05:20:10,324 [trainer.py] => NME top5 curve: [98.6, 97.3, 94.4, 91.1, 87.92, 85.0, 82.8, 80.78, 79.27]

2022-08-04 05:20:10,325 [trainer.py] => All params: 11487386
2022-08-04 05:20:10,325 [trainer.py] => Trainable params: 11486874
2022-08-04 05:20:10,327 [icarl.py] => Learning on 90-100
2022-08-04 06:31:20,956 [icarl.py] => Task 9, Epoch 170/170 => Loss 2.552, Train_accy 97.21
2022-08-04 06:31:20,957 [base.py] => Reducing exemplars...(20 per classes)
2022-08-04 06:32:34,444 [base.py] => Constructing exemplars...(20 per classes)
2022-08-04 06:33:27,587 [icarl.py] => Exemplar size: 2000
2022-08-04 06:33:27,587 [trainer.py] => CNN: {'total': 41.32, '00-09': 20.8, '10-19': 31.2, '20-29': 23.0, '30-39': 33.8, '40-49': 29.8, '50-59': 45.2, '60-69': 40.0, '70-79': 44.6, '80-89': 54.2, '90-99': 90.6, 'old': 35.84, 'new': 90.6}
2022-08-04 06:33:27,587 [trainer.py] => NME: {'total': 53.02, '00-09': 31.0, '10-19': 42.6, '20-29': 33.2, '30-39': 45.0, '40-49': 43.8, '50-59': 63.6, '60-69': 54.8, '70-79': 59.6, '80-89': 74.4, '90-99': 82.2, 'old': 49.78, 'new': 82.2}
2022-08-04 06:33:27,587 [trainer.py] => CNN top1 curve: [88.2, 81.3, 73.8, 63.4, 59.52, 56.33, 52.83, 48.22, 46.96, 41.32]
2022-08-04 06:33:27,587 [trainer.py] => CNN top5 curve: [98.4, 96.7, 93.67, 88.3, 83.48, 79.63, 75.91, 71.97, 71.07, 66.84]
2022-08-04 06:33:27,588 [trainer.py] => NME top1 curve: [87.4, 82.8, 78.47, 71.8, 67.8, 64.17, 61.74, 58.62, 56.42, 53.02]
2022-08-04 06:33:27,588 [trainer.py] => NME top5 curve: [98.6, 97.3, 94.4, 91.1, 87.92, 85.0, 82.8, 80.78, 79.27, 75.64]

